<?xml version="1.0" encoding="UTF-8"?>
<!-- Generated by org.testng.reporters.JUnitReportReporter -->
<testsuite hostname="FAIZAN-MF" failures="0" tests="1" name="seqTest.installCheck" time="0.001" errors="0" timestamp="2024-03-21T21:30:52 IST" skipped="0">
  <testcase classname="seqTest.installCheck" name="get" time="0.001"/>
</testsuite> <!-- seqTest.installCheck -->
