<?xml version="1.0" encoding="UTF-8"?>
<!-- Generated by org.testng.reporters.JUnitReportReporter -->
<testsuite hostname="FAIZAN-MF" failures="0" tests="1" name="parallelRun.Locators" time="8.548" errors="0" timestamp="2024-04-05T19:46:05 IST" skipped="0">
  <testcase classname="parallelRun.Locators" name="locator" time="8.548"/>
</testsuite> <!-- parallelRun.Locators -->
