<?xml version="1.0" encoding="UTF-8"?>
<!-- Generated by org.testng.reporters.JUnitReportReporter -->
<testsuite hostname="FAIZAN-MF" failures="0" tests="2" name="annotation.test_flow" time="0.018" errors="0" timestamp="2024-04-05T21:33:03 IST" skipped="0">
  <testcase classname="annotation.test_flow" name="test1" time="0.015"/>
  <testcase classname="annotation.test_flow" name="test2" time="0.003"/>
</testsuite> <!-- annotation.test_flow -->
