<?xml version="1.0" encoding="UTF-8"?>
<!-- Generated by org.testng.reporters.JUnitReportReporter -->
<testsuite hostname="FAIZAN-MF" failures="0" tests="1" name="testNGInstall.installCheck" time="0.016" errors="0" timestamp="2024-03-21T21:03:00 IST" skipped="0">
  <testcase classname="testNGInstall.installCheck" name="get" time="0.016"/>
</testsuite> <!-- testNGInstall.installCheck -->
