<?xml version="1.0" encoding="UTF-8"?>
<!-- Generated by org.testng.reporters.JUnitReportReporter -->
<testsuite hostname="FAIZAN-MF" failures="0" tests="1" name="parameter.para" time="14.503" errors="0" timestamp="2024-03-28T23:55:48 IST" skipped="0">
  <testcase classname="parameter.para" name="locator" time="14.503"/>
</testsuite> <!-- parameter.para -->
