<?xml version="1.0" encoding="UTF-8"?>
<!-- Generated by org.testng.reporters.JUnitReportReporter -->
<testsuite hostname="FAIZAN-MF" failures="0" tests="5" name="priority.AmazonSteps" time="0.014" errors="0" timestamp="2024-03-21T22:16:13 IST" skipped="0">
  <testcase classname="priority.AmazonSteps" name="lunchurl" time="0.008"/>
  <testcase classname="priority.AmazonSteps" name="signin" time="0.002"/>
  <testcase classname="priority.AmazonSteps" name="username" time="0.002"/>
  <testcase classname="priority.AmazonSteps" name="password" time="0.001"/>
  <testcase classname="priority.AmazonSteps" name="login" time="0.001"/>
</testsuite> <!-- priority.AmazonSteps -->
