<?xml version="1.0" encoding="UTF-8"?>
<!-- Generated by org.testng.reporters.JUnitReportReporter -->
<testsuite hostname="FAIZAN-MF" failures="0" tests="5" name="dependson.AmazonSteps" time="0.016" errors="0" timestamp="2024-03-21T22:43:35 IST" skipped="0">
  <testcase classname="dependson.AmazonSteps" name="username" time="0.003"/>
  <testcase classname="dependson.AmazonSteps" name="login" time="0.002"/>
  <testcase classname="dependson.AmazonSteps" name="signin" time="0.001"/>
  <testcase classname="dependson.AmazonSteps" name="password" time="0.002"/>
  <testcase classname="dependson.AmazonSteps" name="lunchurl" time="0.008"/>
</testsuite> <!-- dependson.AmazonSteps -->
