<?xml version="1.0" encoding="UTF-8"?>
<!-- Generated by org.testng.reporters.JUnitReportReporter -->
<testsuite hostname="FAIZAN-MF" failures="0" tests="1" name="invocationcount.findelement" time="12.989" errors="0" timestamp="2024-03-21T23:30:32 IST" skipped="0">
  <testcase classname="invocationcount.findelement" name="rcb" time="12.989"/>
</testsuite> <!-- invocationcount.findelement -->
