<?xml version="1.0" encoding="UTF-8"?>
<!-- Generated by org.testng.reporters.JUnitReportReporter -->
<testsuite hostname="FAIZAN-MF" failures="0" tests="2" name="group.Group" time="0.037" errors="0" timestamp="2024-03-28T22:30:39 IST" skipped="0">
  <testcase classname="group.Group" name="login" time="0.034"/>
  <testcase classname="group.Group" name="signin" time="0.003"/>
</testsuite> <!-- group.Group -->
