<?xml version="1.0" encoding="UTF-8"?>
<!-- Generated by org.testng.reporters.JUnitReportReporter -->
<testsuite hostname="FAIZAN-MF" failures="0" tests="3" name="description.description" time="0.016" errors="0" timestamp="2024-03-28T21:38:20 IST" skipped="1">
  <testcase classname="description.description" name="signin" time="0.003"/>
  <testcase classname="description.description" name="lunchurl" time="0.013"/>
  <testcase classname="description.description" name="username">
    <skipped/>
  </testcase> <!-- username -->
</testsuite> <!-- description.description -->
