<?xml version="1.0" encoding="UTF-8"?>
<!-- Generated by org.testng.reporters.JUnitReportReporter -->
<testsuite hostname="FAIZAN-MF" failures="0" tests="2" name="dataproviderWith2class.DP" time="21.293" errors="0" timestamp="2024-03-30T22:43:52 IST" skipped="0">
  <testcase classname="dataproviderWith2class.DP" name="locator" time="10.470"/>
  <testcase classname="dataproviderWith2class.DP" name="locator" time="10.823"/>
</testsuite> <!-- dataproviderWith2class.DP -->
